<?xml version="1.0" encoding="UTF-8"?>
<testng-results skipped="0" failed="0" total="1" passed="1">
  <reporter-output>
  </reporter-output>
  <suite name="Command line suite" duration-ms="66" started-at="2015-12-26T16:23:27Z" finished-at="2015-12-26T16:23:27Z">
    <groups>
    </groups>
    <test name="Command line test" duration-ms="66" started-at="2015-12-26T16:23:27Z" finished-at="2015-12-26T16:23:27Z">
      <class name="com.practice.AppTest">
        <test-method status="PASS" signature="testApp()" name="testApp" duration-ms="4" started-at="2015-12-26T16:23:27Z" finished-at="2015-12-26T16:23:27Z">
        </test-method>
      </class>
    </test>
  </suite>
</testng-results>
