<?xml version="1.0" encoding="UTF-8" ?>
<testsuite failures="0" time="0.008" errors="1" skipped="0" tests="1" name="cucumbertest.TestRunner">
  <properties>
[...]
</properties>
  <testcase time="0.008" classname="cucumbertest.TestRunner" name="initializationError">
    <error message="Not a file or directory: /Users/mohamedasruf/cucumber/Feature" type="java.lang.IllegalArgumentException">java.lang.IllegalArgumentException: Not a file or directory: /Users/mohamedasruf/cucumber/Feature
	at cucumber.runtime.io.FileResourceIterator$FileIterator.&lt;init&gt;(FileResourceIterator.java:54)
	at cucumber.runtime.io.FileResourceIterator.&lt;init&gt;(FileResourceIterator.java:20)
	at cucumber.runtime.io.FileResourceIterable.iterator(FileResourceIterable.java:19)
	at cucumber.runtime.model.CucumberFeature.loadFromFeaturePath(CucumberFeature.java:92)
	at cucumber.runtime.model.CucumberFeature.load(CucumberFeature.java:54)
	at cucumber.runtime.model.CucumberFeature.load(CucumberFeature.java:34)
	at cucumber.runtime.RuntimeOptions.cucumberFeatures(RuntimeOptions.java:151)
	at cucumber.api.junit.Cucumber.&lt;init&gt;(Cucumber.java:63)
	at sun.reflect.NativeConstructorAccessorImpl.newInstance0(Native Method)
	at sun.reflect.NativeConstructorAccessorImpl.newInstance(NativeConstructorAccessorImpl.java:57)
	at sun.reflect.DelegatingConstructorAccessorImpl.newInstance(DelegatingConstructorAccessorImpl.java:45)
	at java.lang.reflect.Constructor.newInstance(Constructor.java:526)
	at org.junit.internal.builders.AnnotatedBuilder.buildRunner(AnnotatedBuilder.java:29)
	at org.junit.internal.builders.AnnotatedBuilder.runnerForClass(AnnotatedBuilder.java:21)
	at org.junit.runners.model.RunnerBuilder.safeRunnerForClass(RunnerBuilder.java:59)
	at org.junit.internal.builders.AllDefaultPossibilitiesBuilder.runnerForClass(AllDefaultPossibilitiesBuilder.java:26)
	at org.junit.runners.model.RunnerBuilder.safeRunnerForClass(RunnerBuilder.java:59)
	at org.junit.internal.requests.ClassRequest.getRunner(ClassRequest.java:26)
	at org.apache.maven.surefire.junit4.JUnit4Provider.execute(JUnit4Provider.java:250)
	at org.apache.maven.surefire.junit4.JUnit4Provider.executeTestSet(JUnit4Provider.java:141)
	at org.apache.maven.surefire.junit4.JUnit4Provider.invoke(JUnit4Provider.java:112)
	at sun.reflect.NativeMethodAccessorImpl.invoke0(Native Method)
	at sun.reflect.NativeMethodAccessorImpl.invoke(NativeMethodAccessorImpl.java:57)
	at sun.reflect.DelegatingMethodAccessorImpl.invoke(DelegatingMethodAccessorImpl.java:43)
	at java.lang.reflect.Method.invoke(Method.java:606)
	at org.apache.maven.surefire.util.ReflectionUtils.invokeMethodWithArray(ReflectionUtils.java:189)
	at org.apache.maven.surefire.booter.ProviderFactory$ProviderProxy.invoke(ProviderFactory.java:165)
	at org.apache.maven.surefire.booter.ProviderFactory.invokeProvider(ProviderFactory.java:85)
	at org.apache.maven.surefire.booter.ForkedBooter.runSuitesInProcess(ForkedBooter.java:115)
	at org.apache.maven.surefire.booter.ForkedBooter.main(ForkedBooter.java:75)
</error>
  </testcase>
</testsuite>